Product projects
---------------------------------------
C:\Users\Ayo\Documents\ThynkSoft\COVID-19PCR.TestManagement\COVID-19PCR.TestManagement.Domain\COVID-19PCR.TestManagement.Domain.csproj
C:\Users\Ayo\Documents\ThynkSoft\COVID-19PCR.TestManagement\COVID-19PCR.TestManagement.Infrastructure\COVID-19PCR.TestManagement.Infrastructure.csproj
C:\Users\Ayo\Documents\ThynkSoft\COVID-19PCR.TestManagement\COVID-19PCR.TestManagement.Application\COVID-19PCR.TestManagement.Application.csproj
C:\Users\Ayo\Documents\ThynkSoft\COVID-19PCR.TestManagement\COVID-19PCR.TestManagement.Persistence\COVID-19PCR.TestManagement.Persistence.csproj
C:\Users\Ayo\Documents\ThynkSoft\COVID-19PCR.TestManagement\COVID-19PCR.TestManagement.API\COVID-19PCR.TestManagement.API.csproj


Test projects
---------------------------------------
C:\Users\Ayo\Documents\ThynkSoft\COVID-19PCR.TestManagement\COVID-19PCR.TestManagement.UnitTests\COVID-19PCR.TestManagement.UnitTests.csproj
C:\Users\Ayo\Documents\ThynkSoft\COVID-19PCR.TestManagement\COVID-19PCR.TestManagement.IntegrationTests\COVID-19PCR.TestManagement.IntegrationTests.csproj


Invalid projects
---------------------------------------
{none}


Skipped projects
---------------------------------------
{none}


Excluded projects
---------------------------------------
{none}


